<?xml version="1.0" encoding="UTF-8"?>
<!-- Generated by org.testng.reporters.JUnitReportReporter -->
<testsuite hostname="Duy" failures="0" tests="1" name="testng.TestCase" time="0.003" errors="0" timestamp="2021-12-24T11:36:20 ICT" skipped="0">
  <testcase classname="testng.TestCase" name="testStep" time="0.003"/>
  <system-out/>
</testsuite> <!-- testng.TestCase -->
